2024-02-14T00:24:33+00:00 CRITICAL Uncaught TypeError: implode(): Argument #1 ($pieces) must be of type array, string given in /var/www/html/wp-content/plugins/ama-site-essentials/admin/class-admin-core.php:90
Stack trace:
#0 /var/www/html/wp-content/plugins/ama-site-essentials/admin/class-admin-core.php(90): implode(', ', NULL)
#1 /var/www/html/wp-includes/class-wp-hook.php(308): AmaSiteEssentials\Admin\Admin_Core->settings_page('')
#2 /var/www/html/wp-includes/class-wp-hook.php(332): WP_Hook->apply_filters('', Array)
#3 /var/www/html/wp-includes/plugin.php(517): WP_Hook->do_action(Array)
#4 /var/www/html/wp-admin/admin.php(259): do_action('toplevel_page_a...')
#5 {main}
  thrown in /var/www/html/wp-content/plugins/ama-site-essentials/admin/class-admin-core.php on line 90

2024-02-14T00:28:58+00:00 CRITICAL Uncaught TypeError: implode(): Argument #1 ($pieces) must be of type array, string given in /var/www/html/wp-content/plugins/ama-site-essentials/admin/class-admin-core.php:90
Stack trace:
#0 /var/www/html/wp-content/plugins/ama-site-essentials/admin/class-admin-core.php(90): implode(', ', NULL)
#1 /var/www/html/wp-includes/class-wp-hook.php(308): AmaSiteEssentials\Admin\Admin_Core->settings_page('')
#2 /var/www/html/wp-includes/class-wp-hook.php(332): WP_Hook->apply_filters('', Array)
#3 /var/www/html/wp-includes/plugin.php(517): WP_Hook->do_action(Array)
#4 /var/www/html/wp-admin/admin.php(259): do_action('toplevel_page_a...')
#5 {main}
  thrown in /var/www/html/wp-content/plugins/ama-site-essentials/admin/class-admin-core.php on line 90

2024-02-14T00:29:51+00:00 CRITICAL Uncaught TypeError: implode(): Argument #2 ($array) must be of type ?array, string given in /var/www/html/wp-content/plugins/ama-site-essentials/admin/class-admin-core.php:90
Stack trace:
#0 /var/www/html/wp-content/plugins/ama-site-essentials/admin/class-admin-core.php(90): implode(', ', 'Thursday')
#1 /var/www/html/wp-includes/class-wp-hook.php(308): AmaSiteEssentials\Admin\Admin_Core->settings_page('')
#2 /var/www/html/wp-includes/class-wp-hook.php(332): WP_Hook->apply_filters('', Array)
#3 /var/www/html/wp-includes/plugin.php(517): WP_Hook->do_action(Array)
#4 /var/www/html/wp-admin/admin.php(259): do_action('toplevel_page_a...')
#5 {main}
  thrown in /var/www/html/wp-content/plugins/ama-site-essentials/admin/class-admin-core.php on line 90

2024-02-14T00:30:45+00:00 CRITICAL Uncaught TypeError: implode(): Argument #1 ($pieces) must be of type array, string given in /var/www/html/wp-content/plugins/ama-site-essentials/admin/class-admin-core.php:90
Stack trace:
#0 /var/www/html/wp-content/plugins/ama-site-essentials/admin/class-admin-core.php(90): implode(', ', NULL)
#1 /var/www/html/wp-includes/class-wp-hook.php(308): AmaSiteEssentials\Admin\Admin_Core->settings_page('')
#2 /var/www/html/wp-includes/class-wp-hook.php(332): WP_Hook->apply_filters('', Array)
#3 /var/www/html/wp-includes/plugin.php(517): WP_Hook->do_action(Array)
#4 /var/www/html/wp-admin/admin.php(259): do_action('toplevel_page_a...')
#5 {main}
  thrown in /var/www/html/wp-content/plugins/ama-site-essentials/admin/class-admin-core.php on line 90

2024-02-14T00:31:23+00:00 CRITICAL Uncaught TypeError: implode(): Argument #1 ($pieces) must be of type array, string given in /var/www/html/wp-content/plugins/ama-site-essentials/admin/class-admin-core.php:90
Stack trace:
#0 /var/www/html/wp-content/plugins/ama-site-essentials/admin/class-admin-core.php(90): implode(', ', NULL)
#1 /var/www/html/wp-includes/class-wp-hook.php(308): AmaSiteEssentials\Admin\Admin_Core->settings_page('')
#2 /var/www/html/wp-includes/class-wp-hook.php(332): WP_Hook->apply_filters('', Array)
#3 /var/www/html/wp-includes/plugin.php(517): WP_Hook->do_action(Array)
#4 /var/www/html/wp-admin/admin.php(259): do_action('toplevel_page_a...')
#5 {main}
  thrown in /var/www/html/wp-content/plugins/ama-site-essentials/admin/class-admin-core.php on line 90

2024-02-14T00:31:46+00:00 CRITICAL Uncaught TypeError: implode(): Argument #2 ($array) must be of type ?array, string given in /var/www/html/wp-content/plugins/ama-site-essentials/admin/class-admin-core.php:90
Stack trace:
#0 /var/www/html/wp-content/plugins/ama-site-essentials/admin/class-admin-core.php(90): implode(', ', 'Thursday')
#1 /var/www/html/wp-includes/class-wp-hook.php(308): AmaSiteEssentials\Admin\Admin_Core->settings_page('')
#2 /var/www/html/wp-includes/class-wp-hook.php(332): WP_Hook->apply_filters('', Array)
#3 /var/www/html/wp-includes/plugin.php(517): WP_Hook->do_action(Array)
#4 /var/www/html/wp-admin/admin.php(259): do_action('toplevel_page_a...')
#5 {main}
  thrown in /var/www/html/wp-content/plugins/ama-site-essentials/admin/class-admin-core.php on line 90

2024-02-14T00:35:37+00:00 CRITICAL Uncaught TypeError: implode(): Argument #1 ($pieces) must be of type array, string given in /var/www/html/wp-content/plugins/ama-site-essentials/admin/class-admin-core.php:90
Stack trace:
#0 /var/www/html/wp-content/plugins/ama-site-essentials/admin/class-admin-core.php(90): implode(', ', NULL)
#1 /var/www/html/wp-includes/class-wp-hook.php(308): AmaSiteEssentials\Admin\Admin_Core->settings_page('')
#2 /var/www/html/wp-includes/class-wp-hook.php(332): WP_Hook->apply_filters('', Array)
#3 /var/www/html/wp-includes/plugin.php(517): WP_Hook->do_action(Array)
#4 /var/www/html/wp-admin/admin.php(259): do_action('toplevel_page_a...')
#5 {main}
  thrown in /var/www/html/wp-content/plugins/ama-site-essentials/admin/class-admin-core.php on line 90

2024-02-14T00:41:02+00:00 CRITICAL Uncaught TypeError: implode(): Argument #2 ($array) must be of type ?array, string given in /var/www/html/wp-content/plugins/ama-site-essentials/admin/class-admin-core.php:90
Stack trace:
#0 /var/www/html/wp-content/plugins/ama-site-essentials/admin/class-admin-core.php(90): implode(', ', 'Saturday')
#1 /var/www/html/wp-includes/class-wp-hook.php(308): AmaSiteEssentials\Admin\Admin_Core->settings_page('')
#2 /var/www/html/wp-includes/class-wp-hook.php(332): WP_Hook->apply_filters('', Array)
#3 /var/www/html/wp-includes/plugin.php(517): WP_Hook->do_action(Array)
#4 /var/www/html/wp-admin/admin.php(259): do_action('toplevel_page_a...')
#5 {main}
  thrown in /var/www/html/wp-content/plugins/ama-site-essentials/admin/class-admin-core.php on line 90

2024-02-14T00:51:09+00:00 CRITICAL Uncaught TypeError: implode(): Argument #1 ($pieces) must be of type array, string given in /var/www/html/wp-content/plugins/ama-site-essentials/admin/class-admin-core.php:90
Stack trace:
#0 /var/www/html/wp-content/plugins/ama-site-essentials/admin/class-admin-core.php(90): implode(', ', NULL)
#1 /var/www/html/wp-includes/class-wp-hook.php(308): AmaSiteEssentials\Admin\Admin_Core->settings_page('')
#2 /var/www/html/wp-includes/class-wp-hook.php(332): WP_Hook->apply_filters('', Array)
#3 /var/www/html/wp-includes/plugin.php(517): WP_Hook->do_action(Array)
#4 /var/www/html/wp-admin/admin.php(259): do_action('toplevel_page_a...')
#5 {main}
  thrown in /var/www/html/wp-content/plugins/ama-site-essentials/admin/class-admin-core.php on line 90

2024-02-14T00:51:25+00:00 CRITICAL Uncaught TypeError: implode(): Argument #1 ($pieces) must be of type array, string given in /var/www/html/wp-content/plugins/ama-site-essentials/admin/class-admin-core.php:90
Stack trace:
#0 /var/www/html/wp-content/plugins/ama-site-essentials/admin/class-admin-core.php(90): implode(', ', NULL)
#1 /var/www/html/wp-includes/class-wp-hook.php(308): AmaSiteEssentials\Admin\Admin_Core->settings_page('')
#2 /var/www/html/wp-includes/class-wp-hook.php(332): WP_Hook->apply_filters('', Array)
#3 /var/www/html/wp-includes/plugin.php(517): WP_Hook->do_action(Array)
#4 /var/www/html/wp-admin/admin.php(259): do_action('toplevel_page_a...')
#5 {main}
  thrown in /var/www/html/wp-content/plugins/ama-site-essentials/admin/class-admin-core.php on line 90

2024-02-14T00:51:39+00:00 CRITICAL Uncaught TypeError: implode(): Argument #1 ($pieces) must be of type array, string given in /var/www/html/wp-content/plugins/ama-site-essentials/admin/class-admin-core.php:90
Stack trace:
#0 /var/www/html/wp-content/plugins/ama-site-essentials/admin/class-admin-core.php(90): implode(', ', NULL)
#1 /var/www/html/wp-includes/class-wp-hook.php(308): AmaSiteEssentials\Admin\Admin_Core->settings_page('')
#2 /var/www/html/wp-includes/class-wp-hook.php(332): WP_Hook->apply_filters('', Array)
#3 /var/www/html/wp-includes/plugin.php(517): WP_Hook->do_action(Array)
#4 /var/www/html/wp-admin/admin.php(259): do_action('toplevel_page_a...')
#5 {main}
  thrown in /var/www/html/wp-content/plugins/ama-site-essentials/admin/class-admin-core.php on line 90

2024-02-14T00:57:20+00:00 CRITICAL Uncaught TypeError: implode(): Argument #1 ($pieces) must be of type array, string given in /var/www/html/wp-content/plugins/ama-site-essentials/admin/class-admin-core.php:90
Stack trace:
#0 /var/www/html/wp-content/plugins/ama-site-essentials/admin/class-admin-core.php(90): implode(', ', NULL)
#1 /var/www/html/wp-includes/class-wp-hook.php(308): AmaSiteEssentials\Admin\Admin_Core->settings_page('')
#2 /var/www/html/wp-includes/class-wp-hook.php(332): WP_Hook->apply_filters('', Array)
#3 /var/www/html/wp-includes/plugin.php(517): WP_Hook->do_action(Array)
#4 /var/www/html/wp-admin/admin.php(259): do_action('toplevel_page_a...')
#5 {main}
  thrown in /var/www/html/wp-content/plugins/ama-site-essentials/admin/class-admin-core.php on line 90

