2024-07-06T00:37:31+00:00 CRITICAL Uncaught TypeError: call_user_func_array(): Argument #1 ($callback) must be a valid callback, class AmaWooEssentials\Public\Public_Core does not have a method "enqueue_scripts" in /var/www/html/wp-includes/class-wp-hook.php:308
Stack trace:
#0 /var/www/html/wp-includes/class-wp-hook.php(332): WP_Hook->apply_filters(NULL, Array)
#1 /var/www/html/wp-includes/plugin.php(517): WP_Hook->do_action(Array)
#2 /var/www/html/wp-includes/script-loader.php(2194): do_action('wp_enqueue_scri...')
#3 /var/www/html/wp-includes/class-wp-hook.php(308): wp_enqueue_scripts('')
#4 /var/www/html/wp-includes/class-wp-hook.php(332): WP_Hook->apply_filters(NULL, Array)
#5 /var/www/html/wp-includes/plugin.php(517): WP_Hook->do_action(Array)
#6 /var/www/html/wp-includes/general-template.php(3049): do_action('wp_head')
#7 /var/www/html/wp-content/themes/twentytwentyone/header.php(20): wp_head()
#8 /var/www/html/wp-includes/template.php(783): require_once('/var/www/html/w...')
#9 /var/www/html/wp-includes/template.php(718): load_template('/var/www/html/w...', true, Array)
#10 /var/www/html/wp-includes/general-template.php(48): locate_template(Array, true, true, Array)
#11 /var/www/html/wp-content/themes/twentytwentyone/page.php(12): get_header()
#12 /var/www/html/wp-includes/template-loader.php(106): include('/var/www/html/w...')
#13 /var/www/html/wp-blog-header.php(19): require_once('/var/www/html/w...')
#14 /var/www/html/index.php(17): require('/var/www/html/w...')
#15 {main}
  thrown in /var/www/html/wp-includes/class-wp-hook.php on line 308

2024-07-06T00:41:11+00:00 CRITICAL Uncaught TypeError: call_user_func_array(): Argument #1 ($callback) must be a valid callback, class AmaSiteEssentials\Public\Public_Core does not have a method "enqueue_styles" in /var/www/html/wp-includes/class-wp-hook.php:308
Stack trace:
#0 /var/www/html/wp-includes/class-wp-hook.php(332): WP_Hook->apply_filters(NULL, Array)
#1 /var/www/html/wp-includes/plugin.php(517): WP_Hook->do_action(Array)
#2 /var/www/html/wp-includes/script-loader.php(2194): do_action('wp_enqueue_scri...')
#3 /var/www/html/wp-includes/class-wp-hook.php(308): wp_enqueue_scripts('')
#4 /var/www/html/wp-includes/class-wp-hook.php(332): WP_Hook->apply_filters(NULL, Array)
#5 /var/www/html/wp-includes/plugin.php(517): WP_Hook->do_action(Array)
#6 /var/www/html/wp-includes/general-template.php(3049): do_action('wp_head')
#7 /var/www/html/wp-content/themes/twentytwentyone/header.php(20): wp_head()
#8 /var/www/html/wp-includes/template.php(783): require_once('/var/www/html/w...')
#9 /var/www/html/wp-includes/template.php(718): load_template('/var/www/html/w...', true, Array)
#10 /var/www/html/wp-includes/general-template.php(48): locate_template(Array, true, true, Array)
#11 /var/www/html/wp-content/themes/twentytwentyone/page.php(12): get_header()
#12 /var/www/html/wp-includes/template-loader.php(106): include('/var/www/html/w...')
#13 /var/www/html/wp-blog-header.php(19): require_once('/var/www/html/w...')
#14 /var/www/html/index.php(17): require('/var/www/html/w...')
#15 {main}
  thrown in /var/www/html/wp-includes/class-wp-hook.php on line 308

