2024-03-07T01:11:34+00:00 CRITICAL Uncaught TypeError: call_user_func_array(): Argument #1 ($callback) must be a valid callback, class AmaSiteEssentials\Admin\Admin_Core does not have a method "enqueue_scripts" in /var/www/html/wp-includes/class-wp-hook.php:308
Stack trace:
#0 /var/www/html/wp-includes/class-wp-hook.php(332): WP_Hook->apply_filters(NULL, Array)
#1 /var/www/html/wp-includes/plugin.php(517): WP_Hook->do_action(Array)
#2 /var/www/html/wp-admin/admin-header.php(118): do_action('admin_enqueue_s...', 'plugins.php')
#3 /var/www/html/wp-admin/plugins.php(605): require_once('/var/www/html/w...')
#4 {main}
  thrown in /var/www/html/wp-includes/class-wp-hook.php on line 308

2024-03-07T01:11:39+00:00 CRITICAL Uncaught TypeError: call_user_func_array(): Argument #1 ($callback) must be a valid callback, class AmaSiteEssentials\Admin\Admin_Core does not have a method "enqueue_scripts" in /var/www/html/wp-includes/class-wp-hook.php:308
Stack trace:
#0 /var/www/html/wp-includes/class-wp-hook.php(332): WP_Hook->apply_filters(NULL, Array)
#1 /var/www/html/wp-includes/plugin.php(517): WP_Hook->do_action(Array)
#2 /var/www/html/wp-admin/admin-header.php(118): do_action('admin_enqueue_s...', 'themes.php')
#3 /var/www/html/wp-admin/themes.php(246): require_once('/var/www/html/w...')
#4 {main}
  thrown in /var/www/html/wp-includes/class-wp-hook.php on line 308

2024-03-07T01:11:44+00:00 CRITICAL Uncaught TypeError: call_user_func_array(): Argument #1 ($callback) must be a valid callback, class AmaSiteEssentials\Admin\Admin_Core does not have a method "enqueue_scripts" in /var/www/html/wp-includes/class-wp-hook.php:308
Stack trace:
#0 /var/www/html/wp-includes/class-wp-hook.php(332): WP_Hook->apply_filters(NULL, Array)
#1 /var/www/html/wp-includes/plugin.php(517): WP_Hook->do_action(Array)
#2 /var/www/html/wp-admin/admin-header.php(118): do_action('admin_enqueue_s...', 'toplevel_page_a...')
#3 /var/www/html/wp-admin/admin.php(239): require_once('/var/www/html/w...')
#4 {main}
  thrown in /var/www/html/wp-includes/class-wp-hook.php on line 308

2024-03-07T01:14:25+00:00 CRITICAL Uncaught TypeError: call_user_func_array(): Argument #1 ($callback) must be a valid callback, class AmaSiteEssentials\Admin\Admin_Core does not have a method "enqueue_scripts" in /var/www/html/wp-includes/class-wp-hook.php:308
Stack trace:
#0 /var/www/html/wp-includes/class-wp-hook.php(332): WP_Hook->apply_filters(NULL, Array)
#1 /var/www/html/wp-includes/plugin.php(517): WP_Hook->do_action(Array)
#2 /var/www/html/wp-admin/admin-header.php(118): do_action('admin_enqueue_s...', 'woocommerce_pag...')
#3 /var/www/html/wp-admin/admin.php(239): require_once('/var/www/html/w...')
#4 {main}
  thrown in /var/www/html/wp-includes/class-wp-hook.php on line 308

2024-03-07T01:15:14+00:00 CRITICAL Uncaught TypeError: call_user_func_array(): Argument #1 ($callback) must be a valid callback, class AmaSiteEssentials\Admin\Admin_Core does not have a method "enqueue_scripts" in /var/www/html/wp-includes/class-wp-hook.php:308
Stack trace:
#0 /var/www/html/wp-includes/class-wp-hook.php(332): WP_Hook->apply_filters(NULL, Array)
#1 /var/www/html/wp-includes/plugin.php(517): WP_Hook->do_action(Array)
#2 /var/www/html/wp-admin/admin-header.php(118): do_action('admin_enqueue_s...', 'index.php')
#3 /var/www/html/wp-admin/index.php(137): require_once('/var/www/html/w...')
#4 {main}
  thrown in /var/www/html/wp-includes/class-wp-hook.php on line 308

2024-03-07T01:15:26+00:00 CRITICAL Uncaught TypeError: call_user_func_array(): Argument #1 ($callback) must be a valid callback, class AmaSiteEssentials\Admin\Admin_Core does not have a method "enqueue_scripts" in /var/www/html/wp-includes/class-wp-hook.php:308
Stack trace:
#0 /var/www/html/wp-includes/class-wp-hook.php(332): WP_Hook->apply_filters(NULL, Array)
#1 /var/www/html/wp-includes/plugin.php(517): WP_Hook->do_action(Array)
#2 /var/www/html/wp-admin/admin-header.php(118): do_action('admin_enqueue_s...', 'index.php')
#3 /var/www/html/wp-admin/index.php(137): require_once('/var/www/html/w...')
#4 {main}
  thrown in /var/www/html/wp-includes/class-wp-hook.php on line 308

2024-03-07T01:17:52+00:00 CRITICAL Uncaught TypeError: implode(): Argument #1 ($pieces) must be of type array, string given in /var/www/html/wp-content/plugins/ama-site-essentials/admin/class-admin-core.php:90
Stack trace:
#0 /var/www/html/wp-content/plugins/ama-site-essentials/admin/class-admin-core.php(90): implode(', ', NULL)
#1 /var/www/html/wp-includes/class-wp-hook.php(308): AmaSiteEssentials\Admin\Admin_Core->settings_page('')
#2 /var/www/html/wp-includes/class-wp-hook.php(332): WP_Hook->apply_filters('', Array)
#3 /var/www/html/wp-includes/plugin.php(517): WP_Hook->do_action(Array)
#4 /var/www/html/wp-admin/admin.php(259): do_action('toplevel_page_a...')
#5 {main}
  thrown in /var/www/html/wp-content/plugins/ama-site-essentials/admin/class-admin-core.php on line 90

2024-03-07T01:36:54+00:00 CRITICAL Uncaught TypeError: implode(): Argument #1 ($pieces) must be of type array, string given in /var/www/html/wp-content/plugins/ama-site-essentials/admin/class-admin-core.php:90
Stack trace:
#0 /var/www/html/wp-content/plugins/ama-site-essentials/admin/class-admin-core.php(90): implode(', ', NULL)
#1 /var/www/html/wp-includes/class-wp-hook.php(308): AmaSiteEssentials\Admin\Admin_Core->settings_page('')
#2 /var/www/html/wp-includes/class-wp-hook.php(332): WP_Hook->apply_filters('', Array)
#3 /var/www/html/wp-includes/plugin.php(517): WP_Hook->do_action(Array)
#4 /var/www/html/wp-admin/admin.php(259): do_action('toplevel_page_a...')
#5 {main}
  thrown in /var/www/html/wp-content/plugins/ama-site-essentials/admin/class-admin-core.php on line 90

2024-03-07T01:37:10+00:00 CRITICAL Uncaught TypeError: implode(): Argument #1 ($pieces) must be of type array, string given in /var/www/html/wp-content/plugins/ama-site-essentials/admin/class-admin-core.php:90
Stack trace:
#0 /var/www/html/wp-content/plugins/ama-site-essentials/admin/class-admin-core.php(90): implode(', ', NULL)
#1 /var/www/html/wp-includes/class-wp-hook.php(308): AmaSiteEssentials\Admin\Admin_Core->settings_page('')
#2 /var/www/html/wp-includes/class-wp-hook.php(332): WP_Hook->apply_filters('', Array)
#3 /var/www/html/wp-includes/plugin.php(517): WP_Hook->do_action(Array)
#4 /var/www/html/wp-admin/admin.php(259): do_action('toplevel_page_a...')
#5 {main}
  thrown in /var/www/html/wp-content/plugins/ama-site-essentials/admin/class-admin-core.php on line 90

2024-03-07T01:37:45+00:00 CRITICAL Uncaught TypeError: implode(): Argument #1 ($pieces) must be of type array, string given in /var/www/html/wp-content/plugins/ama-site-essentials/admin/class-admin-core.php:90
Stack trace:
#0 /var/www/html/wp-content/plugins/ama-site-essentials/admin/class-admin-core.php(90): implode(', ', NULL)
#1 /var/www/html/wp-includes/class-wp-hook.php(308): AmaSiteEssentials\Admin\Admin_Core->settings_page('')
#2 /var/www/html/wp-includes/class-wp-hook.php(332): WP_Hook->apply_filters('', Array)
#3 /var/www/html/wp-includes/plugin.php(517): WP_Hook->do_action(Array)
#4 /var/www/html/wp-admin/admin.php(259): do_action('toplevel_page_a...')
#5 {main}
  thrown in /var/www/html/wp-content/plugins/ama-site-essentials/admin/class-admin-core.php on line 90

2024-03-07T01:38:13+00:00 CRITICAL Uncaught TypeError: implode(): Argument #1 ($pieces) must be of type array, string given in /var/www/html/wp-content/plugins/ama-site-essentials/admin/class-admin-core.php:90
Stack trace:
#0 /var/www/html/wp-content/plugins/ama-site-essentials/admin/class-admin-core.php(90): implode(', ', NULL)
#1 /var/www/html/wp-includes/class-wp-hook.php(308): AmaSiteEssentials\Admin\Admin_Core->settings_page('')
#2 /var/www/html/wp-includes/class-wp-hook.php(332): WP_Hook->apply_filters('', Array)
#3 /var/www/html/wp-includes/plugin.php(517): WP_Hook->do_action(Array)
#4 /var/www/html/wp-admin/admin.php(259): do_action('toplevel_page_a...')
#5 {main}
  thrown in /var/www/html/wp-content/plugins/ama-site-essentials/admin/class-admin-core.php on line 90

2024-03-07T23:51:08+00:00 CRITICAL Uncaught TypeError: implode(): Argument #1 ($pieces) must be of type array, string given in /var/www/html/wp-content/plugins/ama-site-essentials/admin/class-admin-core.php:100
Stack trace:
#0 /var/www/html/wp-content/plugins/ama-site-essentials/admin/class-admin-core.php(100): implode(', ', NULL)
#1 /var/www/html/wp-includes/class-wp-hook.php(308): AmaSiteEssentials\Admin\Admin_Core->settings_page('')
#2 /var/www/html/wp-includes/class-wp-hook.php(332): WP_Hook->apply_filters('', Array)
#3 /var/www/html/wp-includes/plugin.php(517): WP_Hook->do_action(Array)
#4 /var/www/html/wp-admin/admin.php(259): do_action('toplevel_page_a...')
#5 {main}
  thrown in /var/www/html/wp-content/plugins/ama-site-essentials/admin/class-admin-core.php on line 100

