2024-07-02T00:21:58+00:00 CRITICAL Uncaught TypeError: call_user_func_array(): Argument #1 ($callback) must be a valid callback, second array member is not a valid method in /var/www/html/wp-includes/class-wp-hook.php:310
Stack trace:
#0 /var/www/html/wp-includes/plugin.php(205): WP_Hook->apply_filters('<li id="menu-it...', Array)
#1 /var/www/html/wp-includes/nav-menu-template.php(267): apply_filters('wp_nav_menu_ite...', '<li id="menu-it...', Object(stdClass))
#2 /var/www/html/wp-content/themes/twentytwentyone/template-parts/header/site-nav.php(27): wp_nav_menu(Object(stdClass))
#3 /var/www/html/wp-includes/template.php(785): require('/var/www/html/w...')
#4 /var/www/html/wp-includes/template.php(718): load_template('/var/www/html/w...', false, Array)
#5 /var/www/html/wp-includes/general-template.php(204): locate_template(Array, true, false, Array)
#6 /var/www/html/wp-content/themes/twentytwentyone/template-parts/header/site-header.php(19): get_template_part('template-parts/...')
#7 /var/www/html/wp-includes/template.php(785): require('/var/www/html/w...')
#8 /var/www/html/wp-includes/template.php(718): load_template('/var/www/html/w...', false, Array)
#9 /var/www/html/wp-includes/general-template.php(204): locate_template(Array, true, false, Array)
#10 /var/www/html/wp-content/themes/twentytwentyone/header.php(33): get_template_part('template-parts/...')
#11 /var/www/html/wp-includes/template.php(783): require_once('/var/www/html/w...')
#12 /var/www/html/wp-includes/template.php(718): load_template('/var/www/html/w...', true, Array)
#13 /var/www/html/wp-includes/general-template.php(48): locate_template(Array, true, true, Array)
#14 /var/www/html/wp-content/plugins/woocommerce/templates/archive-product.php(20): get_header('shop')
#15 /var/www/html/wp-includes/template-loader.php(106): include('/var/www/html/w...')
#16 /var/www/html/wp-blog-header.php(19): require_once('/var/www/html/w...')
#17 /var/www/html/index.php(17): require('/var/www/html/w...')
#18 {main}
  thrown in /var/www/html/wp-includes/class-wp-hook.php on line 310

2024-07-02T00:22:21+00:00 CRITICAL Uncaught TypeError: call_user_func_array(): Argument #1 ($callback) must be a valid callback, second array member is not a valid method in /var/www/html/wp-includes/class-wp-hook.php:310
Stack trace:
#0 /var/www/html/wp-includes/plugin.php(205): WP_Hook->apply_filters('<li id="menu-it...', Array)
#1 /var/www/html/wp-includes/nav-menu-template.php(267): apply_filters('wp_nav_menu_ite...', '<li id="menu-it...', Object(stdClass))
#2 /var/www/html/wp-content/themes/twentytwentyone/template-parts/header/site-nav.php(27): wp_nav_menu(Object(stdClass))
#3 /var/www/html/wp-includes/template.php(785): require('/var/www/html/w...')
#4 /var/www/html/wp-includes/template.php(718): load_template('/var/www/html/w...', false, Array)
#5 /var/www/html/wp-includes/general-template.php(204): locate_template(Array, true, false, Array)
#6 /var/www/html/wp-content/themes/twentytwentyone/template-parts/header/site-header.php(19): get_template_part('template-parts/...')
#7 /var/www/html/wp-includes/template.php(785): require('/var/www/html/w...')
#8 /var/www/html/wp-includes/template.php(718): load_template('/var/www/html/w...', false, Array)
#9 /var/www/html/wp-includes/general-template.php(204): locate_template(Array, true, false, Array)
#10 /var/www/html/wp-content/themes/twentytwentyone/header.php(33): get_template_part('template-parts/...')
#11 /var/www/html/wp-includes/template.php(783): require_once('/var/www/html/w...')
#12 /var/www/html/wp-includes/template.php(718): load_template('/var/www/html/w...', true, Array)
#13 /var/www/html/wp-includes/general-template.php(48): locate_template(Array, true, true, Array)
#14 /var/www/html/wp-content/plugins/woocommerce/templates/archive-product.php(20): get_header('shop')
#15 /var/www/html/wp-includes/template-loader.php(106): include('/var/www/html/w...')
#16 /var/www/html/wp-blog-header.php(19): require_once('/var/www/html/w...')
#17 /var/www/html/index.php(17): require('/var/www/html/w...')
#18 {main}
  thrown in /var/www/html/wp-includes/class-wp-hook.php on line 310

