2024-04-18T00:33:55+00:00 CRITICAL Uncaught ArgumentCountError: Too few arguments to function AmaWooEssentials\Public\Public_Core::add_cart_icon_to_menu(), 1 passed in /var/www/html/wp-includes/class-wp-hook.php on line 310 and exactly 2 expected in /var/www/html/wp-content/plugins/ama-woo-essentials/public/class-public-core.php:77
Stack trace:
#0 /var/www/html/wp-includes/class-wp-hook.php(310): AmaWooEssentials\Public\Public_Core->add_cart_icon_to_menu('<li id="menu-it...')
#1 /var/www/html/wp-includes/plugin.php(205): WP_Hook->apply_filters('<li id="menu-it...', Array)
#2 /var/www/html/wp-includes/nav-menu-template.php(267): apply_filters('wp_nav_menu_ite...', '<li id="menu-it...', Object(stdClass))
#3 /var/www/html/wp-content/themes/twentytwentyone/template-parts/header/site-nav.php(27): wp_nav_menu(Object(stdClass))
#4 /var/www/html/wp-includes/template.php(785): require('/var/www/html/w...')
#5 /var/www/html/wp-includes/template.php(718): load_template('/var/www/html/w...', false, Array)
#6 /var/www/html/wp-includes/general-template.php(204): locate_template(Array, true, false, Array)
#7 /var/www/html/wp-content/themes/twentytwentyone/template-parts/header/site-header.php(19): get_template_part('template-parts/...')
#8 /var/www/html/wp-includes/template.php(785): require('/var/www/html/w...')
#9 /var/www/html/wp-includes/template.php(718): load_template('/var/www/html/w...', false, Array)
#10 /var/www/html/wp-includes/general-template.php(204): locate_template(Array, true, false, Array)
#11 /var/www/html/wp-content/themes/twentytwentyone/header.php(33): get_template_part('template-parts/...')
#12 /var/www/html/wp-includes/template.php(783): require_once('/var/www/html/w...')
#13 /var/www/html/wp-includes/template.php(718): load_template('/var/www/html/w...', true, Array)
#14 /var/www/html/wp-includes/general-template.php(48): locate_template(Array, true, true, Array)
#15 /var/www/html/wp-content/themes/twentytwentyone/page.php(12): get_header()
#16 /var/www/html/wp-includes/template-loader.php(106): include('/var/www/html/w...')
#17 /var/www/html/wp-blog-header.php(19): require_once('/var/www/html/w...')
#18 /var/www/html/index.php(17): require('/var/www/html/w...')
#19 {main}
  thrown in /var/www/html/wp-content/plugins/ama-woo-essentials/public/class-public-core.php on line 77

2024-04-18T00:33:57+00:00 CRITICAL Uncaught ArgumentCountError: Too few arguments to function AmaWooEssentials\Public\Public_Core::add_cart_icon_to_menu(), 1 passed in /var/www/html/wp-includes/class-wp-hook.php on line 310 and exactly 2 expected in /var/www/html/wp-content/plugins/ama-woo-essentials/public/class-public-core.php:77
Stack trace:
#0 /var/www/html/wp-includes/class-wp-hook.php(310): AmaWooEssentials\Public\Public_Core->add_cart_icon_to_menu('<li id="menu-it...')
#1 /var/www/html/wp-includes/plugin.php(205): WP_Hook->apply_filters('<li id="menu-it...', Array)
#2 /var/www/html/wp-includes/nav-menu-template.php(267): apply_filters('wp_nav_menu_ite...', '<li id="menu-it...', Object(stdClass))
#3 /var/www/html/wp-content/themes/twentytwentyone/template-parts/header/site-nav.php(27): wp_nav_menu(Object(stdClass))
#4 /var/www/html/wp-includes/template.php(785): require('/var/www/html/w...')
#5 /var/www/html/wp-includes/template.php(718): load_template('/var/www/html/w...', false, Array)
#6 /var/www/html/wp-includes/general-template.php(204): locate_template(Array, true, false, Array)
#7 /var/www/html/wp-content/themes/twentytwentyone/template-parts/header/site-header.php(19): get_template_part('template-parts/...')
#8 /var/www/html/wp-includes/template.php(785): require('/var/www/html/w...')
#9 /var/www/html/wp-includes/template.php(718): load_template('/var/www/html/w...', false, Array)
#10 /var/www/html/wp-includes/general-template.php(204): locate_template(Array, true, false, Array)
#11 /var/www/html/wp-content/themes/twentytwentyone/header.php(33): get_template_part('template-parts/...')
#12 /var/www/html/wp-includes/template.php(783): require_once('/var/www/html/w...')
#13 /var/www/html/wp-includes/template.php(718): load_template('/var/www/html/w...', true, Array)
#14 /var/www/html/wp-includes/general-template.php(48): locate_template(Array, true, true, Array)
#15 /var/www/html/wp-content/themes/twentytwentyone/404.php(12): get_header()
#16 /var/www/html/wp-includes/template-loader.php(106): include('/var/www/html/w...')
#17 /var/www/html/wp-blog-header.php(19): require_once('/var/www/html/w...')
#18 /var/www/html/index.php(17): require('/var/www/html/w...')
#19 {main}
  thrown in /var/www/html/wp-content/plugins/ama-woo-essentials/public/class-public-core.php on line 77

2024-04-18T00:33:57+00:00 CRITICAL Uncaught ArgumentCountError: Too few arguments to function AmaWooEssentials\Public\Public_Core::add_cart_icon_to_menu(), 1 passed in /var/www/html/wp-includes/class-wp-hook.php on line 310 and exactly 2 expected in /var/www/html/wp-content/plugins/ama-woo-essentials/public/class-public-core.php:77
Stack trace:
#0 /var/www/html/wp-includes/class-wp-hook.php(310): AmaWooEssentials\Public\Public_Core->add_cart_icon_to_menu('<li id="menu-it...')
#1 /var/www/html/wp-includes/plugin.php(205): WP_Hook->apply_filters('<li id="menu-it...', Array)
#2 /var/www/html/wp-includes/nav-menu-template.php(267): apply_filters('wp_nav_menu_ite...', '<li id="menu-it...', Object(stdClass))
#3 /var/www/html/wp-content/themes/twentytwentyone/template-parts/header/site-nav.php(27): wp_nav_menu(Object(stdClass))
#4 /var/www/html/wp-includes/template.php(785): require('/var/www/html/w...')
#5 /var/www/html/wp-includes/template.php(718): load_template('/var/www/html/w...', false, Array)
#6 /var/www/html/wp-includes/general-template.php(204): locate_template(Array, true, false, Array)
#7 /var/www/html/wp-content/themes/twentytwentyone/template-parts/header/site-header.php(19): get_template_part('template-parts/...')
#8 /var/www/html/wp-includes/template.php(785): require('/var/www/html/w...')
#9 /var/www/html/wp-includes/template.php(718): load_template('/var/www/html/w...', false, Array)
#10 /var/www/html/wp-includes/general-template.php(204): locate_template(Array, true, false, Array)
#11 /var/www/html/wp-content/themes/twentytwentyone/header.php(33): get_template_part('template-parts/...')
#12 /var/www/html/wp-includes/template.php(783): require_once('/var/www/html/w...')
#13 /var/www/html/wp-includes/template.php(718): load_template('/var/www/html/w...', true, Array)
#14 /var/www/html/wp-includes/general-template.php(48): locate_template(Array, true, true, Array)
#15 /var/www/html/wp-content/themes/twentytwentyone/404.php(12): get_header()
#16 /var/www/html/wp-includes/template-loader.php(106): include('/var/www/html/w...')
#17 /var/www/html/wp-blog-header.php(19): require_once('/var/www/html/w...')
#18 /var/www/html/index.php(17): require('/var/www/html/w...')
#19 {main}
  thrown in /var/www/html/wp-content/plugins/ama-woo-essentials/public/class-public-core.php on line 77

2024-04-18T01:12:28+00:00 CRITICAL Uncaught ArgumentCountError: Too few arguments to function AmaWooEssentials\Public\Public_Core::add_cart_icon_to_menu(), 1 passed in /var/www/html/wp-includes/class-wp-hook.php on line 310 and exactly 2 expected in /var/www/html/wp-content/plugins/ama-woo-essentials/public/class-public-core.php:77
Stack trace:
#0 /var/www/html/wp-includes/class-wp-hook.php(310): AmaWooEssentials\Public\Public_Core->add_cart_icon_to_menu('<li id="menu-it...')
#1 /var/www/html/wp-includes/plugin.php(205): WP_Hook->apply_filters('<li id="menu-it...', Array)
#2 /var/www/html/wp-includes/nav-menu-template.php(267): apply_filters('wp_nav_menu_ite...', '<li id="menu-it...', Object(stdClass))
#3 /var/www/html/wp-content/themes/twentytwentyone/template-parts/header/site-nav.php(27): wp_nav_menu(Object(stdClass))
#4 /var/www/html/wp-includes/template.php(785): require('/var/www/html/w...')
#5 /var/www/html/wp-includes/template.php(718): load_template('/var/www/html/w...', false, Array)
#6 /var/www/html/wp-includes/general-template.php(204): locate_template(Array, true, false, Array)
#7 /var/www/html/wp-content/themes/twentytwentyone/template-parts/header/site-header.php(19): get_template_part('template-parts/...')
#8 /var/www/html/wp-includes/template.php(785): require('/var/www/html/w...')
#9 /var/www/html/wp-includes/template.php(718): load_template('/var/www/html/w...', false, Array)
#10 /var/www/html/wp-includes/general-template.php(204): locate_template(Array, true, false, Array)
#11 /var/www/html/wp-content/themes/twentytwentyone/header.php(33): get_template_part('template-parts/...')
#12 /var/www/html/wp-includes/template.php(783): require_once('/var/www/html/w...')
#13 /var/www/html/wp-includes/template.php(718): load_template('/var/www/html/w...', true, Array)
#14 /var/www/html/wp-includes/general-template.php(48): locate_template(Array, true, true, Array)
#15 /var/www/html/wp-content/themes/twentytwentyone/page.php(12): get_header()
#16 /var/www/html/wp-includes/template-loader.php(106): include('/var/www/html/w...')
#17 /var/www/html/wp-blog-header.php(19): require_once('/var/www/html/w...')
#18 /var/www/html/index.php(17): require('/var/www/html/w...')
#19 {main}
  thrown in /var/www/html/wp-content/plugins/ama-woo-essentials/public/class-public-core.php on line 77

2024-04-18T01:12:29+00:00 CRITICAL Uncaught ArgumentCountError: Too few arguments to function AmaWooEssentials\Public\Public_Core::add_cart_icon_to_menu(), 1 passed in /var/www/html/wp-includes/class-wp-hook.php on line 310 and exactly 2 expected in /var/www/html/wp-content/plugins/ama-woo-essentials/public/class-public-core.php:77
Stack trace:
#0 /var/www/html/wp-includes/class-wp-hook.php(310): AmaWooEssentials\Public\Public_Core->add_cart_icon_to_menu('<li id="menu-it...')
#1 /var/www/html/wp-includes/plugin.php(205): WP_Hook->apply_filters('<li id="menu-it...', Array)
#2 /var/www/html/wp-includes/nav-menu-template.php(267): apply_filters('wp_nav_menu_ite...', '<li id="menu-it...', Object(stdClass))
#3 /var/www/html/wp-content/themes/twentytwentyone/template-parts/header/site-nav.php(27): wp_nav_menu(Object(stdClass))
#4 /var/www/html/wp-includes/template.php(785): require('/var/www/html/w...')
#5 /var/www/html/wp-includes/template.php(718): load_template('/var/www/html/w...', false, Array)
#6 /var/www/html/wp-includes/general-template.php(204): locate_template(Array, true, false, Array)
#7 /var/www/html/wp-content/themes/twentytwentyone/template-parts/header/site-header.php(19): get_template_part('template-parts/...')
#8 /var/www/html/wp-includes/template.php(785): require('/var/www/html/w...')
#9 /var/www/html/wp-includes/template.php(718): load_template('/var/www/html/w...', false, Array)
#10 /var/www/html/wp-includes/general-template.php(204): locate_template(Array, true, false, Array)
#11 /var/www/html/wp-content/themes/twentytwentyone/header.php(33): get_template_part('template-parts/...')
#12 /var/www/html/wp-includes/template.php(783): require_once('/var/www/html/w...')
#13 /var/www/html/wp-includes/template.php(718): load_template('/var/www/html/w...', true, Array)
#14 /var/www/html/wp-includes/general-template.php(48): locate_template(Array, true, true, Array)
#15 /var/www/html/wp-content/themes/twentytwentyone/404.php(12): get_header()
#16 /var/www/html/wp-includes/template-loader.php(106): include('/var/www/html/w...')
#17 /var/www/html/wp-blog-header.php(19): require_once('/var/www/html/w...')
#18 /var/www/html/index.php(17): require('/var/www/html/w...')
#19 {main}
  thrown in /var/www/html/wp-content/plugins/ama-woo-essentials/public/class-public-core.php on line 77

2024-04-18T01:12:29+00:00 CRITICAL Uncaught ArgumentCountError: Too few arguments to function AmaWooEssentials\Public\Public_Core::add_cart_icon_to_menu(), 1 passed in /var/www/html/wp-includes/class-wp-hook.php on line 310 and exactly 2 expected in /var/www/html/wp-content/plugins/ama-woo-essentials/public/class-public-core.php:77
Stack trace:
#0 /var/www/html/wp-includes/class-wp-hook.php(310): AmaWooEssentials\Public\Public_Core->add_cart_icon_to_menu('<li id="menu-it...')
#1 /var/www/html/wp-includes/plugin.php(205): WP_Hook->apply_filters('<li id="menu-it...', Array)
#2 /var/www/html/wp-includes/nav-menu-template.php(267): apply_filters('wp_nav_menu_ite...', '<li id="menu-it...', Object(stdClass))
#3 /var/www/html/wp-content/themes/twentytwentyone/template-parts/header/site-nav.php(27): wp_nav_menu(Object(stdClass))
#4 /var/www/html/wp-includes/template.php(785): require('/var/www/html/w...')
#5 /var/www/html/wp-includes/template.php(718): load_template('/var/www/html/w...', false, Array)
#6 /var/www/html/wp-includes/general-template.php(204): locate_template(Array, true, false, Array)
#7 /var/www/html/wp-content/themes/twentytwentyone/template-parts/header/site-header.php(19): get_template_part('template-parts/...')
#8 /var/www/html/wp-includes/template.php(785): require('/var/www/html/w...')
#9 /var/www/html/wp-includes/template.php(718): load_template('/var/www/html/w...', false, Array)
#10 /var/www/html/wp-includes/general-template.php(204): locate_template(Array, true, false, Array)
#11 /var/www/html/wp-content/themes/twentytwentyone/header.php(33): get_template_part('template-parts/...')
#12 /var/www/html/wp-includes/template.php(783): require_once('/var/www/html/w...')
#13 /var/www/html/wp-includes/template.php(718): load_template('/var/www/html/w...', true, Array)
#14 /var/www/html/wp-includes/general-template.php(48): locate_template(Array, true, true, Array)
#15 /var/www/html/wp-content/themes/twentytwentyone/404.php(12): get_header()
#16 /var/www/html/wp-includes/template-loader.php(106): include('/var/www/html/w...')
#17 /var/www/html/wp-blog-header.php(19): require_once('/var/www/html/w...')
#18 /var/www/html/index.php(17): require('/var/www/html/w...')
#19 {main}
  thrown in /var/www/html/wp-content/plugins/ama-woo-essentials/public/class-public-core.php on line 77

